<?xml version="1.0" encoding="UTF-8"?>
<!-- Generated by org.testng.reporters.JUnitReportReporter -->
<testsuite hostname="CPX-SWE7MEXEIMC" failures="0" tests="1" name="testcase.EmailAPI" time="10.186" errors="0" timestamp="7 Jun 2021 06:01:27 GMT">
  <testcase classname="testcase.EmailAPI" name="driverModule" time="10.186"/>
</testsuite> <!-- testcase.EmailAPI -->
